This file contains any messages produced by compilers while
running configure, to aid debugging if configure makes a mistake.

It was created by sffs configure 0.1, which was
generated by GNU Autoconf 2.71.  Invocation command line was

  $ ./configure

## --------- ##
## Platform. ##
## --------- ##

hostname = mejjete-pc
uname -m = x86_64
uname -r = 5.15.0-72-generic
uname -s = Linux
uname -v = #79-Ubuntu SMP Wed Apr 19 08:22:18 UTC 2023

/usr/bin/uname -p = x86_64
/bin/uname -X     = unknown

/bin/arch              = x86_64
/usr/bin/arch -k       = unknown
/usr/convex/getsysinfo = unknown
/usr/bin/hostinfo      = unknown
/bin/machine           = unknown
/usr/bin/oslevel       = unknown
/bin/universe          = unknown

PATH: /usr/local/sbin/
PATH: /usr/local/bin/
PATH: /usr/sbin/
PATH: /usr/bin/
PATH: /sbin/
PATH: /bin/
PATH: /usr/games/
PATH: /usr/local/games/
PATH: /snap/bin/


## ----------- ##
## Core tests. ##
## ----------- ##

configure:2467: looking for aux files: config.guess config.sub ltmain.sh missing install-sh ar-lib compile
configure:2480:  trying ./build-aux/
configure:2509:   ./build-aux/config.guess found
configure:2509:   ./build-aux/config.sub found
configure:2509:   ./build-aux/ltmain.sh found
configure:2509:   ./build-aux/missing found
configure:2491:   ./build-aux/install-sh found
configure:2509:   ./build-aux/ar-lib found
configure:2509:   ./build-aux/compile found
configure:2689: checking for gcc
configure:2710: found /usr/bin/gcc
configure:2721: result: gcc
configure:3074: checking for C compiler version
configure:3083: gcc --version >&5
gcc (Ubuntu 11.3.0-1ubuntu1~22.04.1) 11.3.0
Copyright (C) 2021 Free Software Foundation, Inc.
This is free software; see the source for copying conditions.  There is NO
warranty; not even for MERCHANTABILITY or FITNESS FOR A PARTICULAR PURPOSE.

configure:3094: $? = 0
configure:3083: gcc -v >&5
Using built-in specs.
COLLECT_GCC=gcc
COLLECT_LTO_WRAPPER=/usr/lib/gcc/x86_64-linux-gnu/11/lto-wrapper
OFFLOAD_TARGET_NAMES=nvptx-none:amdgcn-amdhsa
OFFLOAD_TARGET_DEFAULT=1
Target: x86_64-linux-gnu
Configured with: ../src/configure -v --with-pkgversion='Ubuntu 11.3.0-1ubuntu1~22.04.1' --with-bugurl=file:///usr/share/doc/gcc-11/README.Bugs --enable-languages=c,ada,c++,go,brig,d,fortran,objc,obj-c++,m2 --prefix=/usr --with-gcc-major-version-only --program-suffix=-11 --program-prefix=x86_64-linux-gnu- --enable-shared --enable-linker-build-id --libexecdir=/usr/lib --without-included-gettext --enable-threads=posix --libdir=/usr/lib --enable-nls --enable-bootstrap --enable-clocale=gnu --enable-libstdcxx-debug --enable-libstdcxx-time=yes --with-default-libstdcxx-abi=new --enable-gnu-unique-object --disable-vtable-verify --enable-plugin --enable-default-pie --with-system-zlib --enable-libphobos-checking=release --with-target-system-zlib=auto --enable-objc-gc=auto --enable-multiarch --disable-werror --enable-cet --with-arch-32=i686 --with-abi=m64 --with-multilib-list=m32,m64,mx32 --enable-multilib --with-tune=generic --enable-offload-targets=nvptx-none=/build/gcc-11-aYxV0E/gcc-11-11.3.0/debian/tmp-nvptx/usr,amdgcn-amdhsa=/build/gcc-11-aYxV0E/gcc-11-11.3.0/debian/tmp-gcn/usr --without-cuda-driver --enable-checking=release --build=x86_64-linux-gnu --host=x86_64-linux-gnu --target=x86_64-linux-gnu --with-build-config=bootstrap-lto-lean --enable-link-serialization=2
Thread model: posix
Supported LTO compression algorithms: zlib zstd
gcc version 11.3.0 (Ubuntu 11.3.0-1ubuntu1~22.04.1) 
... rest of stderr output deleted ...
configure:3094: $? = 0
configure:3083: gcc -V >&5
gcc: error: unrecognized command-line option '-V'
gcc: fatal error: no input files
compilation terminated.
configure:3094: $? = 1
configure:3083: gcc -qversion >&5
gcc: error: unrecognized command-line option '-qversion'; did you mean '--version'?
gcc: fatal error: no input files
compilation terminated.
configure:3094: $? = 1
configure:3083: gcc -version >&5
gcc: error: unrecognized command-line option '-version'
gcc: fatal error: no input files
compilation terminated.
configure:3094: $? = 1
configure:3114: checking whether the C compiler works
configure:3136: gcc    conftest.c  >&5
configure:3140: $? = 0
configure:3190: result: yes
configure:3193: checking for C compiler default output file name
configure:3195: result: a.out
configure:3201: checking for suffix of executables
configure:3208: gcc -o conftest    conftest.c  >&5
configure:3212: $? = 0
configure:3235: result: 
configure:3257: checking whether we are cross compiling
configure:3265: gcc -o conftest    conftest.c  >&5
configure:3269: $? = 0
configure:3276: ./conftest
configure:3280: $? = 0
configure:3295: result: no
configure:3300: checking for suffix of object files
configure:3323: gcc -c   conftest.c >&5
configure:3327: $? = 0
configure:3349: result: o
configure:3353: checking whether the compiler supports GNU C
configure:3373: gcc -c   conftest.c >&5
configure:3373: $? = 0
configure:3383: result: yes
configure:3394: checking whether gcc accepts -g
configure:3415: gcc -c -g  conftest.c >&5
configure:3415: $? = 0
configure:3459: result: yes
configure:3479: checking for gcc option to enable C11 features
configure:3494: gcc  -c -g -O2  conftest.c >&5
configure:3494: $? = 0
configure:3512: result: none needed
configure:3633: checking whether gcc understands -c and -o together
configure:3656: gcc -c conftest.c -o conftest2.o
configure:3659: $? = 0
configure:3656: gcc -c conftest.c -o conftest2.o
configure:3659: $? = 0
configure:3671: result: yes
configure:3698: checking for stdio.h
configure:3698: gcc -c -g -O2  conftest.c >&5
configure:3698: $? = 0
configure:3698: result: yes
configure:3698: checking for stdlib.h
configure:3698: gcc -c -g -O2  conftest.c >&5
configure:3698: $? = 0
configure:3698: result: yes
configure:3698: checking for string.h
configure:3698: gcc -c -g -O2  conftest.c >&5
configure:3698: $? = 0
configure:3698: result: yes
configure:3698: checking for inttypes.h
configure:3698: gcc -c -g -O2  conftest.c >&5
configure:3698: $? = 0
configure:3698: result: yes
configure:3698: checking for stdint.h
configure:3698: gcc -c -g -O2  conftest.c >&5
configure:3698: $? = 0
configure:3698: result: yes
configure:3698: checking for strings.h
configure:3698: gcc -c -g -O2  conftest.c >&5
configure:3698: $? = 0
configure:3698: result: yes
configure:3698: checking for sys/stat.h
configure:3698: gcc -c -g -O2  conftest.c >&5
configure:3698: $? = 0
configure:3698: result: yes
configure:3698: checking for sys/types.h
configure:3698: gcc -c -g -O2  conftest.c >&5
configure:3698: $? = 0
configure:3698: result: yes
configure:3698: checking for unistd.h
configure:3698: gcc -c -g -O2  conftest.c >&5
configure:3698: $? = 0
configure:3698: result: yes
configure:3723: checking for include/sffs.h
configure:3723: gcc -c -g -O2  conftest.c >&5
conftest.c:47:10: fatal error: include/sffs.h: No such file or directory
   47 | #include <include/sffs.h>
      |          ^~~~~~~~~~~~~~~~
compilation terminated.
configure:3723: $? = 1
configure: failed program was:
| /* confdefs.h */
| #define PACKAGE_NAME "sffs"
| #define PACKAGE_TARNAME "sffs"
| #define PACKAGE_VERSION "0.1"
| #define PACKAGE_STRING "sffs 0.1"
| #define PACKAGE_BUGREPORT "danil.malapura@gmail.com"
| #define PACKAGE_URL ""
| #define HAVE_STDIO_H 1
| #define HAVE_STDLIB_H 1
| #define HAVE_STRING_H 1
| #define HAVE_INTTYPES_H 1
| #define HAVE_STDINT_H 1
| #define HAVE_STRINGS_H 1
| #define HAVE_SYS_STAT_H 1
| #define HAVE_SYS_TYPES_H 1
| #define HAVE_UNISTD_H 1
| #define STDC_HEADERS 1
| /* end confdefs.h.  */
| #include <stddef.h>
| #ifdef HAVE_STDIO_H
| # include <stdio.h>
| #endif
| #ifdef HAVE_STDLIB_H
| # include <stdlib.h>
| #endif
| #ifdef HAVE_STRING_H
| # include <string.h>
| #endif
| #ifdef HAVE_INTTYPES_H
| # include <inttypes.h>
| #endif
| #ifdef HAVE_STDINT_H
| # include <stdint.h>
| #endif
| #ifdef HAVE_STRINGS_H
| # include <strings.h>
| #endif
| #ifdef HAVE_SYS_TYPES_H
| # include <sys/types.h>
| #endif
| #ifdef HAVE_SYS_STAT_H
| # include <sys/stat.h>
| #endif
| #ifdef HAVE_UNISTD_H
| # include <unistd.h>
| #endif
| #include <include/sffs.h>
configure:3723: result: no
configure:3729: checking for include/sffs_fuse.h
configure:3729: gcc -c -g -O2  conftest.c >&5
conftest.c:47:10: fatal error: include/sffs_fuse.h: No such file or directory
   47 | #include <include/sffs_fuse.h>
      |          ^~~~~~~~~~~~~~~~~~~~~
compilation terminated.
configure:3729: $? = 1
configure: failed program was:
| /* confdefs.h */
| #define PACKAGE_NAME "sffs"
| #define PACKAGE_TARNAME "sffs"
| #define PACKAGE_VERSION "0.1"
| #define PACKAGE_STRING "sffs 0.1"
| #define PACKAGE_BUGREPORT "danil.malapura@gmail.com"
| #define PACKAGE_URL ""
| #define HAVE_STDIO_H 1
| #define HAVE_STDLIB_H 1
| #define HAVE_STRING_H 1
| #define HAVE_INTTYPES_H 1
| #define HAVE_STDINT_H 1
| #define HAVE_STRINGS_H 1
| #define HAVE_SYS_STAT_H 1
| #define HAVE_SYS_TYPES_H 1
| #define HAVE_UNISTD_H 1
| #define STDC_HEADERS 1
| /* end confdefs.h.  */
| #include <stddef.h>
| #ifdef HAVE_STDIO_H
| # include <stdio.h>
| #endif
| #ifdef HAVE_STDLIB_H
| # include <stdlib.h>
| #endif
| #ifdef HAVE_STRING_H
| # include <string.h>
| #endif
| #ifdef HAVE_INTTYPES_H
| # include <inttypes.h>
| #endif
| #ifdef HAVE_STDINT_H
| # include <stdint.h>
| #endif
| #ifdef HAVE_STRINGS_H
| # include <strings.h>
| #endif
| #ifdef HAVE_SYS_TYPES_H
| # include <sys/types.h>
| #endif
| #ifdef HAVE_SYS_STAT_H
| # include <sys/stat.h>
| #endif
| #ifdef HAVE_UNISTD_H
| # include <unistd.h>
| #endif
| #include <include/sffs_fuse.h>
configure:3729: result: no
configure:3735: checking for include/sffs_direntry.h
configure:3735: gcc -c -g -O2  conftest.c >&5
conftest.c:47:10: fatal error: include/sffs_direntry.h: No such file or directory
   47 | #include <include/sffs_direntry.h>
      |          ^~~~~~~~~~~~~~~~~~~~~~~~~
compilation terminated.
configure:3735: $? = 1
configure: failed program was:
| /* confdefs.h */
| #define PACKAGE_NAME "sffs"
| #define PACKAGE_TARNAME "sffs"
| #define PACKAGE_VERSION "0.1"
| #define PACKAGE_STRING "sffs 0.1"
| #define PACKAGE_BUGREPORT "danil.malapura@gmail.com"
| #define PACKAGE_URL ""
| #define HAVE_STDIO_H 1
| #define HAVE_STDLIB_H 1
| #define HAVE_STRING_H 1
| #define HAVE_INTTYPES_H 1
| #define HAVE_STDINT_H 1
| #define HAVE_STRINGS_H 1
| #define HAVE_SYS_STAT_H 1
| #define HAVE_SYS_TYPES_H 1
| #define HAVE_UNISTD_H 1
| #define STDC_HEADERS 1
| /* end confdefs.h.  */
| #include <stddef.h>
| #ifdef HAVE_STDIO_H
| # include <stdio.h>
| #endif
| #ifdef HAVE_STDLIB_H
| # include <stdlib.h>
| #endif
| #ifdef HAVE_STRING_H
| # include <string.h>
| #endif
| #ifdef HAVE_INTTYPES_H
| # include <inttypes.h>
| #endif
| #ifdef HAVE_STDINT_H
| # include <stdint.h>
| #endif
| #ifdef HAVE_STRINGS_H
| # include <strings.h>
| #endif
| #ifdef HAVE_SYS_TYPES_H
| # include <sys/types.h>
| #endif
| #ifdef HAVE_SYS_STAT_H
| # include <sys/stat.h>
| #endif
| #ifdef HAVE_UNISTD_H
| # include <unistd.h>
| #endif
| #include <include/sffs_direntry.h>
configure:3735: result: no
configure:3741: checking for include/sffs_err.h
configure:3741: gcc -c -g -O2  conftest.c >&5
conftest.c:47:10: fatal error: include/sffs_err.h: No such file or directory
   47 | #include <include/sffs_err.h>
      |          ^~~~~~~~~~~~~~~~~~~~
compilation terminated.
configure:3741: $? = 1
configure: failed program was:
| /* confdefs.h */
| #define PACKAGE_NAME "sffs"
| #define PACKAGE_TARNAME "sffs"
| #define PACKAGE_VERSION "0.1"
| #define PACKAGE_STRING "sffs 0.1"
| #define PACKAGE_BUGREPORT "danil.malapura@gmail.com"
| #define PACKAGE_URL ""
| #define HAVE_STDIO_H 1
| #define HAVE_STDLIB_H 1
| #define HAVE_STRING_H 1
| #define HAVE_INTTYPES_H 1
| #define HAVE_STDINT_H 1
| #define HAVE_STRINGS_H 1
| #define HAVE_SYS_STAT_H 1
| #define HAVE_SYS_TYPES_H 1
| #define HAVE_UNISTD_H 1
| #define STDC_HEADERS 1
| /* end confdefs.h.  */
| #include <stddef.h>
| #ifdef HAVE_STDIO_H
| # include <stdio.h>
| #endif
| #ifdef HAVE_STDLIB_H
| # include <stdlib.h>
| #endif
| #ifdef HAVE_STRING_H
| # include <string.h>
| #endif
| #ifdef HAVE_INTTYPES_H
| # include <inttypes.h>
| #endif
| #ifdef HAVE_STDINT_H
| # include <stdint.h>
| #endif
| #ifdef HAVE_STRINGS_H
| # include <strings.h>
| #endif
| #ifdef HAVE_SYS_TYPES_H
| # include <sys/types.h>
| #endif
| #ifdef HAVE_SYS_STAT_H
| # include <sys/stat.h>
| #endif
| #ifdef HAVE_UNISTD_H
| # include <unistd.h>
| #endif
| #include <include/sffs_err.h>
configure:3741: result: no
configure:3747: checking for include/sffs_context.h
configure:3747: gcc -c -g -O2  conftest.c >&5
conftest.c:47:10: fatal error: include/sffs_context.h: No such file or directory
   47 | #include <include/sffs_context.h>
      |          ^~~~~~~~~~~~~~~~~~~~~~~~
compilation terminated.
configure:3747: $? = 1
configure: failed program was:
| /* confdefs.h */
| #define PACKAGE_NAME "sffs"
| #define PACKAGE_TARNAME "sffs"
| #define PACKAGE_VERSION "0.1"
| #define PACKAGE_STRING "sffs 0.1"
| #define PACKAGE_BUGREPORT "danil.malapura@gmail.com"
| #define PACKAGE_URL ""
| #define HAVE_STDIO_H 1
| #define HAVE_STDLIB_H 1
| #define HAVE_STRING_H 1
| #define HAVE_INTTYPES_H 1
| #define HAVE_STDINT_H 1
| #define HAVE_STRINGS_H 1
| #define HAVE_SYS_STAT_H 1
| #define HAVE_SYS_TYPES_H 1
| #define HAVE_UNISTD_H 1
| #define STDC_HEADERS 1
| /* end confdefs.h.  */
| #include <stddef.h>
| #ifdef HAVE_STDIO_H
| # include <stdio.h>
| #endif
| #ifdef HAVE_STDLIB_H
| # include <stdlib.h>
| #endif
| #ifdef HAVE_STRING_H
| # include <string.h>
| #endif
| #ifdef HAVE_INTTYPES_H
| # include <inttypes.h>
| #endif
| #ifdef HAVE_STDINT_H
| # include <stdint.h>
| #endif
| #ifdef HAVE_STRINGS_H
| # include <strings.h>
| #endif
| #ifdef HAVE_SYS_TYPES_H
| # include <sys/types.h>
| #endif
| #ifdef HAVE_SYS_STAT_H
| # include <sys/stat.h>
| #endif
| #ifdef HAVE_UNISTD_H
| # include <unistd.h>
| #endif
| #include <include/sffs_context.h>
configure:3747: result: no
configure:3812: checking for ar
configure:3833: found /usr/bin/ar
configure:3844: result: ar
configure:3870: checking the archiver (ar) interface
configure:3887: gcc -c -g -O2  conftest.c >&5
configure:3887: $? = 0
configure:3890: ar cru libconftest.a conftest.o >&5
ar: `u' modifier ignored since `D' is the default (see `U')
configure:3893: $? = 0
configure:3921: result: ar
configure:3958: checking for a BSD-compatible install
configure:4031: result: /usr/bin/install -c
configure:4042: checking whether build environment is sane
configure:4097: result: yes
configure:4252: checking for a race-free mkdir -p
configure:4296: result: /usr/bin/mkdir -p
configure:4303: checking for gawk
configure:4338: result: no
configure:4303: checking for mawk
configure:4324: found /usr/bin/mawk
configure:4335: result: mawk
configure:4346: checking whether make sets $(MAKE)
configure:4369: result: yes
configure:4391: checking whether make supports the include directive
configure:4406: make -f confmf.GNU && cat confinc.out
this is the am__doit target
configure:4409: $? = 0
configure:4428: result: yes (GNU style)
configure:4463: checking whether make supports nested variables
configure:4481: result: yes
configure:4562: checking dependency style of gcc
configure:4674: result: gcc3
configure:4780: checking build system type
configure:4795: result: x86_64-pc-linux-gnu
configure:4815: checking host system type
configure:4829: result: x86_64-pc-linux-gnu
configure:4870: checking how to print strings
configure:4897: result: printf
configure:4918: checking for a sed that does not truncate output
configure:4988: result: /usr/bin/sed
configure:5006: checking for grep that handles long lines and -e
configure:5070: result: /usr/bin/grep
configure:5075: checking for egrep
configure:5143: result: /usr/bin/grep -E
configure:5148: checking for fgrep
configure:5216: result: /usr/bin/grep -F
configure:5252: checking for ld used by gcc
configure:5320: result: /usr/bin/ld
configure:5327: checking if the linker (/usr/bin/ld) is GNU ld
configure:5343: result: yes
configure:5355: checking for BSD- or MS-compatible name lister (nm)
configure:5410: result: /usr/bin/nm -B
configure:5550: checking the name lister (/usr/bin/nm -B) interface
configure:5558: gcc -c -g -O2  conftest.c >&5
configure:5561: /usr/bin/nm -B "conftest.o"
configure:5564: output
0000000000000000 B some_variable
configure:5571: result: BSD nm
configure:5574: checking whether ln -s works
configure:5578: result: yes
configure:5586: checking the maximum length of command line arguments
configure:5718: result: 1572864
configure:5766: checking how to convert x86_64-pc-linux-gnu file names to x86_64-pc-linux-gnu format
configure:5807: result: func_convert_file_noop
configure:5814: checking how to convert x86_64-pc-linux-gnu file names to toolchain format
configure:5835: result: func_convert_file_noop
configure:5842: checking for /usr/bin/ld option to reload object files
configure:5850: result: -r
configure:5929: checking for objdump
configure:5950: found /usr/bin/objdump
configure:5961: result: objdump
configure:5993: checking how to recognize dependent libraries
configure:6194: result: pass_all
configure:6284: checking for dlltool
configure:6319: result: no
configure:6349: checking how to associate runtime and link libraries
configure:6377: result: printf %s\n
configure:6511: checking for archiver @FILE support
configure:6529: gcc -c -g -O2  conftest.c >&5
configure:6529: $? = 0
configure:6533: ar cr libconftest.a @conftest.lst >&5
configure:6536: $? = 0
configure:6541: ar cr libconftest.a @conftest.lst >&5
ar: conftest.o: No such file or directory
configure:6544: $? = 1
configure:6556: result: @
configure:6619: checking for strip
configure:6640: found /usr/bin/strip
configure:6651: result: strip
configure:6728: checking for ranlib
configure:6749: found /usr/bin/ranlib
configure:6760: result: ranlib
configure:6862: checking command to parse /usr/bin/nm -B output from gcc object
configure:7016: gcc -c -g -O2  conftest.c >&5
configure:7019: $? = 0
configure:7023: /usr/bin/nm -B conftest.o | sed -n -e 's/^.*[	 ]\([ABCDGIRSTW][ABCDGIRSTW]*\)[	 ][	 ]*\([_A-Za-z][_A-Za-z0-9]*\)$/\1 \2 \2/p' | sed '/ __gnu_lto/d' > conftest.nm
configure:7089: gcc -o conftest -g -O2   conftest.c conftstm.o >&5
configure:7092: $? = 0
configure:7130: result: ok
configure:7177: checking for sysroot
configure:7208: result: no
configure:7215: checking for a working dd
configure:7259: result: /usr/bin/dd
configure:7263: checking how to truncate binary pipes
configure:7279: result: /usr/bin/dd bs=4096 count=1
configure:7416: gcc -c -g -O2  conftest.c >&5
configure:7419: $? = 0
configure:7616: checking for mt
configure:7637: found /usr/bin/mt
configure:7648: result: mt
configure:7671: checking if mt is a manifest tool
configure:7678: mt '-?'
configure:7686: result: no
configure:8412: checking for dlfcn.h
configure:8412: gcc -c -g -O2  conftest.c >&5
configure:8412: $? = 0
configure:8412: result: yes
configure:8669: checking for objdir
configure:8685: result: .libs
configure:8949: checking if gcc supports -fno-rtti -fno-exceptions
configure:8968: gcc -c -g -O2  -fno-rtti -fno-exceptions conftest.c >&5
cc1: warning: command-line option '-fno-rtti' is valid for C++/D/ObjC++ but not for C
configure:8972: $? = 0
configure:8985: result: no
configure:9349: checking for gcc option to produce PIC
configure:9357: result: -fPIC -DPIC
configure:9365: checking if gcc PIC flag -fPIC -DPIC works
configure:9384: gcc -c -g -O2  -fPIC -DPIC -DPIC conftest.c >&5
configure:9388: $? = 0
configure:9401: result: yes
configure:9430: checking if gcc static flag -static works
configure:9459: result: yes
configure:9474: checking if gcc supports -c -o file.o
configure:9496: gcc -c -g -O2  -o out/conftest2.o conftest.c >&5
configure:9500: $? = 0
configure:9522: result: yes
configure:9530: checking if gcc supports -c -o file.o
configure:9578: result: yes
configure:9611: checking whether the gcc linker (/usr/bin/ld -m elf_x86_64) supports shared libraries
configure:10881: result: yes
configure:10918: checking whether -lc should be explicitly linked in
configure:10927: gcc -c -g -O2  conftest.c >&5
configure:10930: $? = 0
configure:10945: gcc -shared  -fPIC -DPIC conftest.o  -v -Wl,-soname -Wl,conftest -o conftest 2\>\&1 \| /usr/bin/grep  -lc  \>/dev/null 2\>\&1
configure:10948: $? = 0
configure:10962: result: no
configure:11122: checking dynamic linker characteristics
configure:11704: gcc -o conftest -g -O2   -Wl,-rpath -Wl,/foo conftest.c  >&5
configure:11704: $? = 0
configure:11955: result: GNU/Linux ld.so
configure:12077: checking how to hardcode library paths into programs
configure:12102: result: immediate
configure:12654: checking whether stripping libraries is possible
configure:12659: result: yes
configure:12694: checking if libtool supports shared libraries
configure:12696: result: yes
configure:12699: checking whether to build shared libraries
configure:12724: result: yes
configure:12727: checking whether to build static libraries
configure:12731: result: no
configure:12771: checking for library containing fuse_main
configure:12801: gcc -o conftest -g -O2   conftest.c  >&5
/usr/bin/ld: /tmp/ccscwcho.o: in function `main':
/home/mejjete/prog/sffs/conftest.c:31: undefined reference to `fuse_main'
collect2: error: ld returned 1 exit status
configure:12801: $? = 1
configure: failed program was:
| /* confdefs.h */
| #define PACKAGE_NAME "sffs"
| #define PACKAGE_TARNAME "sffs"
| #define PACKAGE_VERSION "0.1"
| #define PACKAGE_STRING "sffs 0.1"
| #define PACKAGE_BUGREPORT "danil.malapura@gmail.com"
| #define PACKAGE_URL ""
| #define HAVE_STDIO_H 1
| #define HAVE_STDLIB_H 1
| #define HAVE_STRING_H 1
| #define HAVE_INTTYPES_H 1
| #define HAVE_STDINT_H 1
| #define HAVE_STRINGS_H 1
| #define HAVE_SYS_STAT_H 1
| #define HAVE_SYS_TYPES_H 1
| #define HAVE_UNISTD_H 1
| #define STDC_HEADERS 1
| #define PACKAGE "sffs"
| #define VERSION "0.1"
| #define HAVE_DLFCN_H 1
| #define LT_OBJDIR ".libs/"
| /* end confdefs.h.  */
| 
| /* Override any GCC internal prototype to avoid an error.
|    Use char because int might match the return type of a GCC
|    builtin and then its argument prototype would still apply.  */
| char fuse_main ();
| int
| main (void)
| {
| return fuse_main ();
|   ;
|   return 0;
| }
configure:12801: gcc -o conftest -g -O2   conftest.c -lfuse   >&5
configure:12801: $? = 0
configure:12821: result: -lfuse
configure:12834: checking for pthread_create in -lpthread
configure:12857: gcc -o conftest -g -O2   conftest.c -lpthread  -lfuse  >&5
configure:12857: $? = 0
configure:12867: result: yes
configure:12883: checking for inline
configure:12900: gcc -c -g -O2  conftest.c >&5
configure:12900: $? = 0
configure:12909: result: inline
configure:12928: checking for pid_t
configure:12928: gcc -c -g -O2  conftest.c >&5
configure:12928: $? = 0
configure:12928: gcc -c -g -O2  conftest.c >&5
conftest.c: In function 'main':
conftest.c:56:20: error: expected expression before ')' token
   56 | if (sizeof ((pid_t)))
      |                    ^
configure:12928: $? = 1
configure: failed program was:
| /* confdefs.h */
| #define PACKAGE_NAME "sffs"
| #define PACKAGE_TARNAME "sffs"
| #define PACKAGE_VERSION "0.1"
| #define PACKAGE_STRING "sffs 0.1"
| #define PACKAGE_BUGREPORT "danil.malapura@gmail.com"
| #define PACKAGE_URL ""
| #define HAVE_STDIO_H 1
| #define HAVE_STDLIB_H 1
| #define HAVE_STRING_H 1
| #define HAVE_INTTYPES_H 1
| #define HAVE_STDINT_H 1
| #define HAVE_STRINGS_H 1
| #define HAVE_SYS_STAT_H 1
| #define HAVE_SYS_TYPES_H 1
| #define HAVE_UNISTD_H 1
| #define STDC_HEADERS 1
| #define PACKAGE "sffs"
| #define VERSION "0.1"
| #define HAVE_DLFCN_H 1
| #define LT_OBJDIR ".libs/"
| #define HAVE_LIBPTHREAD 1
| /* end confdefs.h.  */
| #include <stddef.h>
| #ifdef HAVE_STDIO_H
| # include <stdio.h>
| #endif
| #ifdef HAVE_STDLIB_H
| # include <stdlib.h>
| #endif
| #ifdef HAVE_STRING_H
| # include <string.h>
| #endif
| #ifdef HAVE_INTTYPES_H
| # include <inttypes.h>
| #endif
| #ifdef HAVE_STDINT_H
| # include <stdint.h>
| #endif
| #ifdef HAVE_STRINGS_H
| # include <strings.h>
| #endif
| #ifdef HAVE_SYS_TYPES_H
| # include <sys/types.h>
| #endif
| #ifdef HAVE_SYS_STAT_H
| # include <sys/stat.h>
| #endif
| #ifdef HAVE_UNISTD_H
| # include <unistd.h>
| #endif
| 
| int
| main (void)
| {
| if (sizeof ((pid_t)))
| 	    return 0;
|   ;
|   return 0;
| }
configure:12928: result: yes
configure:12964: checking for size_t
configure:12964: gcc -c -g -O2  conftest.c >&5
configure:12964: $? = 0
configure:12964: gcc -c -g -O2  conftest.c >&5
conftest.c: In function 'main':
conftest.c:55:21: error: expected expression before ')' token
   55 | if (sizeof ((size_t)))
      |                     ^
configure:12964: $? = 1
configure: failed program was:
| /* confdefs.h */
| #define PACKAGE_NAME "sffs"
| #define PACKAGE_TARNAME "sffs"
| #define PACKAGE_VERSION "0.1"
| #define PACKAGE_STRING "sffs 0.1"
| #define PACKAGE_BUGREPORT "danil.malapura@gmail.com"
| #define PACKAGE_URL ""
| #define HAVE_STDIO_H 1
| #define HAVE_STDLIB_H 1
| #define HAVE_STRING_H 1
| #define HAVE_INTTYPES_H 1
| #define HAVE_STDINT_H 1
| #define HAVE_STRINGS_H 1
| #define HAVE_SYS_STAT_H 1
| #define HAVE_SYS_TYPES_H 1
| #define HAVE_UNISTD_H 1
| #define STDC_HEADERS 1
| #define PACKAGE "sffs"
| #define VERSION "0.1"
| #define HAVE_DLFCN_H 1
| #define LT_OBJDIR ".libs/"
| #define HAVE_LIBPTHREAD 1
| /* end confdefs.h.  */
| #include <stddef.h>
| #ifdef HAVE_STDIO_H
| # include <stdio.h>
| #endif
| #ifdef HAVE_STDLIB_H
| # include <stdlib.h>
| #endif
| #ifdef HAVE_STRING_H
| # include <string.h>
| #endif
| #ifdef HAVE_INTTYPES_H
| # include <inttypes.h>
| #endif
| #ifdef HAVE_STDINT_H
| # include <stdint.h>
| #endif
| #ifdef HAVE_STRINGS_H
| # include <strings.h>
| #endif
| #ifdef HAVE_SYS_TYPES_H
| # include <sys/types.h>
| #endif
| #ifdef HAVE_SYS_STAT_H
| # include <sys/stat.h>
| #endif
| #ifdef HAVE_UNISTD_H
| # include <unistd.h>
| #endif
| int
| main (void)
| {
| if (sizeof ((size_t)))
| 	    return 0;
|   ;
|   return 0;
| }
configure:12964: result: yes
configure:12974: checking for uint16_t
configure:12974: gcc -c -g -O2  conftest.c >&5
configure:12974: $? = 0
configure:12974: result: yes
configure:12984: checking for uint32_t
configure:12984: gcc -c -g -O2  conftest.c >&5
configure:12984: $? = 0
configure:12984: result: yes
configure:12996: checking for uint64_t
configure:12996: gcc -c -g -O2  conftest.c >&5
configure:12996: $? = 0
configure:12996: result: yes
configure:13008: checking for uint8_t
configure:13008: gcc -c -g -O2  conftest.c >&5
configure:13008: $? = 0
configure:13008: result: yes
configure:13124: checking that generated files are newer than configure
configure:13130: result: done
configure:13153: creating ./config.status

## ---------------------- ##
## Running config.status. ##
## ---------------------- ##

This file was extended by sffs config.status 0.1, which was
generated by GNU Autoconf 2.71.  Invocation command line was

  CONFIG_FILES    = 
  CONFIG_HEADERS  = 
  CONFIG_LINKS    = 
  CONFIG_COMMANDS = 
  $ ./config.status 

on mejjete-pc

config.status:1082: creating Makefile
config.status:1082: creating src/Makefile
config.status:1082: creating utils/Makefile
config.status:1082: creating config.h
config.status:1263: config.h is unchanged
config.status:1311: executing depfiles commands
config.status:1388: cd src       && sed -e '/# am--include-marker/d' Makefile         | make -f - am--depfiles
make: Nothing to be done for 'am--depfiles'.
config.status:1393: $? = 0
config.status:1388: cd utils       && sed -e '/# am--include-marker/d' Makefile         | make -f - am--depfiles
make: Nothing to be done for 'am--depfiles'.
config.status:1393: $? = 0
config.status:1311: executing libtool commands

## ---------------- ##
## Cache variables. ##
## ---------------- ##

ac_cv_build=x86_64-pc-linux-gnu
ac_cv_c_compiler_gnu=yes
ac_cv_c_inline=inline
ac_cv_c_uint16_t=yes
ac_cv_c_uint32_t=yes
ac_cv_c_uint64_t=yes
ac_cv_c_uint8_t=yes
ac_cv_env_CC_set=
ac_cv_env_CC_value=
ac_cv_env_CFLAGS_set=
ac_cv_env_CFLAGS_value=
ac_cv_env_CPPFLAGS_set=
ac_cv_env_CPPFLAGS_value=
ac_cv_env_LDFLAGS_set=
ac_cv_env_LDFLAGS_value=
ac_cv_env_LIBS_set=
ac_cv_env_LIBS_value=
ac_cv_env_LT_SYS_LIBRARY_PATH_set=
ac_cv_env_LT_SYS_LIBRARY_PATH_value=
ac_cv_env_build_alias_set=
ac_cv_env_build_alias_value=
ac_cv_env_host_alias_set=
ac_cv_env_host_alias_value=
ac_cv_env_target_alias_set=
ac_cv_env_target_alias_value=
ac_cv_header_dlfcn_h=yes
ac_cv_header_include_sffs_context_h=no
ac_cv_header_include_sffs_direntry_h=no
ac_cv_header_include_sffs_err_h=no
ac_cv_header_include_sffs_fuse_h=no
ac_cv_header_include_sffs_h=no
ac_cv_header_inttypes_h=yes
ac_cv_header_stdint_h=yes
ac_cv_header_stdio_h=yes
ac_cv_header_stdlib_h=yes
ac_cv_header_string_h=yes
ac_cv_header_strings_h=yes
ac_cv_header_sys_stat_h=yes
ac_cv_header_sys_types_h=yes
ac_cv_header_unistd_h=yes
ac_cv_host=x86_64-pc-linux-gnu
ac_cv_lib_pthread_pthread_create=yes
ac_cv_objext=o
ac_cv_path_EGREP='/usr/bin/grep -E'
ac_cv_path_FGREP='/usr/bin/grep -F'
ac_cv_path_GREP=/usr/bin/grep
ac_cv_path_SED=/usr/bin/sed
ac_cv_path_install='/usr/bin/install -c'
ac_cv_path_lt_DD=/usr/bin/dd
ac_cv_path_mkdir=/usr/bin/mkdir
ac_cv_prog_AWK=mawk
ac_cv_prog_ac_ct_AR=ar
ac_cv_prog_ac_ct_CC=gcc
ac_cv_prog_ac_ct_MANIFEST_TOOL=mt
ac_cv_prog_ac_ct_OBJDUMP=objdump
ac_cv_prog_ac_ct_RANLIB=ranlib
ac_cv_prog_ac_ct_STRIP=strip
ac_cv_prog_cc_c11=
ac_cv_prog_cc_g=yes
ac_cv_prog_cc_stdc=
ac_cv_prog_make_make_set=yes
ac_cv_search_fuse_main=-lfuse
ac_cv_type_pid_t=yes
ac_cv_type_size_t=yes
am_cv_CC_dependencies_compiler_type=gcc3
am_cv_ar_interface=ar
am_cv_make_support_nested_variables=yes
am_cv_prog_cc_c_o=yes
lt_cv_ar_at_file=@
lt_cv_archive_cmds_need_lc=no
lt_cv_deplibs_check_method=pass_all
lt_cv_file_magic_cmd='$MAGIC_CMD'
lt_cv_file_magic_test_file=
lt_cv_ld_reload_flag=-r
lt_cv_nm_interface='BSD nm'
lt_cv_objdir=.libs
lt_cv_path_LD=/usr/bin/ld
lt_cv_path_NM='/usr/bin/nm -B'
lt_cv_path_mainfest_tool=no
lt_cv_prog_compiler_c_o=yes
lt_cv_prog_compiler_pic='-fPIC -DPIC'
lt_cv_prog_compiler_pic_works=yes
lt_cv_prog_compiler_rtti_exceptions=no
lt_cv_prog_compiler_static_works=yes
lt_cv_prog_gnu_ld=yes
lt_cv_sharedlib_from_linklib_cmd='printf %s\n'
lt_cv_shlibpath_overrides_runpath=yes
lt_cv_sys_global_symbol_pipe='sed -n -e '\''s/^.*[	 ]\([ABCDGIRSTW][ABCDGIRSTW]*\)[	 ][	 ]*\([_A-Za-z][_A-Za-z0-9]*\)$/\1 \2 \2/p'\'' | sed '\''/ __gnu_lto/d'\'''
lt_cv_sys_global_symbol_to_c_name_address='sed -n -e '\''s/^: \(.*\) .*$/  {"\1", (void *) 0},/p'\'' -e '\''s/^[ABCDGIRSTW][ABCDGIRSTW]* .* \(.*\)$/  {"\1", (void *) \&\1},/p'\'''
lt_cv_sys_global_symbol_to_c_name_address_lib_prefix='sed -n -e '\''s/^: \(.*\) .*$/  {"\1", (void *) 0},/p'\'' -e '\''s/^[ABCDGIRSTW][ABCDGIRSTW]* .* \(lib.*\)$/  {"\1", (void *) \&\1},/p'\'' -e '\''s/^[ABCDGIRSTW][ABCDGIRSTW]* .* \(.*\)$/  {"lib\1", (void *) \&\1},/p'\'''
lt_cv_sys_global_symbol_to_cdecl='sed -n -e '\''s/^T .* \(.*\)$/extern int \1();/p'\'' -e '\''s/^[ABCDGIRSTW][ABCDGIRSTW]* .* \(.*\)$/extern char \1;/p'\'''
lt_cv_sys_global_symbol_to_import=
lt_cv_sys_max_cmd_len=1572864
lt_cv_to_host_file_cmd=func_convert_file_noop
lt_cv_to_tool_file_cmd=func_convert_file_noop
lt_cv_truncate_bin='/usr/bin/dd bs=4096 count=1'

## ----------------- ##
## Output variables. ##
## ----------------- ##

ACLOCAL='${SHELL} '\''/home/mejjete/prog/sffs/build-aux/missing'\'' aclocal-1.16'
AMDEPBACKSLASH='\'
AMDEP_FALSE='#'
AMDEP_TRUE=''
AMTAR='$${TAR-tar}'
AM_BACKSLASH='\'
AM_DEFAULT_V='$(AM_DEFAULT_VERBOSITY)'
AM_DEFAULT_VERBOSITY='1'
AM_V='$(V)'
AR='ar'
AUTOCONF='${SHELL} '\''/home/mejjete/prog/sffs/build-aux/missing'\'' autoconf'
AUTOHEADER='${SHELL} '\''/home/mejjete/prog/sffs/build-aux/missing'\'' autoheader'
AUTOMAKE='${SHELL} '\''/home/mejjete/prog/sffs/build-aux/missing'\'' automake-1.16'
AWK='mawk'
CC='gcc'
CCDEPMODE='depmode=gcc3'
CFLAGS='-g -O2'
CPPFLAGS=''
CSCOPE='cscope'
CTAGS='ctags'
CYGPATH_W='echo'
DEFS='-DHAVE_CONFIG_H'
DEPDIR='.deps'
DLLTOOL='false'
DSYMUTIL=''
DUMPBIN=''
ECHO_C=''
ECHO_N='-n'
ECHO_T=''
EGREP='/usr/bin/grep -E'
ETAGS='etags'
EXEEXT=''
FGREP='/usr/bin/grep -F'
GREP='/usr/bin/grep'
INSTALL_DATA='${INSTALL} -m 644'
INSTALL_PROGRAM='${INSTALL}'
INSTALL_SCRIPT='${INSTALL}'
INSTALL_STRIP_PROGRAM='$(install_sh) -c -s'
LD='/usr/bin/ld -m elf_x86_64'
LDFLAGS=''
LIBOBJS=''
LIBS='-lpthread -lfuse '
LIBTOOL='$(SHELL) $(top_builddir)/libtool'
LIPO=''
LN_S='ln -s'
LTLIBOBJS=''
LT_SYS_LIBRARY_PATH=''
MAKEINFO='${SHELL} '\''/home/mejjete/prog/sffs/build-aux/missing'\'' makeinfo'
MANIFEST_TOOL=':'
MKDIR_P='/usr/bin/mkdir -p'
NM='/usr/bin/nm -B'
NMEDIT=''
OBJDUMP='objdump'
OBJEXT='o'
OTOOL64=''
OTOOL=''
PACKAGE='sffs'
PACKAGE_BUGREPORT='danil.malapura@gmail.com'
PACKAGE_NAME='sffs'
PACKAGE_STRING='sffs 0.1'
PACKAGE_TARNAME='sffs'
PACKAGE_URL=''
PACKAGE_VERSION='0.1'
PATH_SEPARATOR=':'
RANLIB='ranlib'
SED='/usr/bin/sed'
SET_MAKE=''
SHELL='/bin/bash'
STRIP='strip'
VERSION='0.1'
ac_ct_AR='ar'
ac_ct_CC='gcc'
ac_ct_DUMPBIN=''
am__EXEEXT_FALSE=''
am__EXEEXT_TRUE='#'
am__fastdepCC_FALSE='#'
am__fastdepCC_TRUE=''
am__include='include'
am__isrc=''
am__leading_dot='.'
am__nodep='_no'
am__quote=''
am__tar='$${TAR-tar} chof - "$$tardir"'
am__untar='$${TAR-tar} xf -'
bindir='${exec_prefix}/bin'
build='x86_64-pc-linux-gnu'
build_alias=''
build_cpu='x86_64'
build_os='linux-gnu'
build_vendor='pc'
datadir='${datarootdir}'
datarootdir='${prefix}/share'
docdir='${datarootdir}/doc/${PACKAGE_TARNAME}'
dvidir='${docdir}'
exec_prefix='${prefix}'
host='x86_64-pc-linux-gnu'
host_alias=''
host_cpu='x86_64'
host_os='linux-gnu'
host_vendor='pc'
htmldir='${docdir}'
includedir='${prefix}/include'
infodir='${datarootdir}/info'
install_sh='${SHELL} /home/mejjete/prog/sffs/build-aux/install-sh'
libdir='${exec_prefix}/lib'
libexecdir='${exec_prefix}/libexec'
localedir='${datarootdir}/locale'
localstatedir='${prefix}/var'
mandir='${datarootdir}/man'
mkdir_p='$(MKDIR_P)'
oldincludedir='/usr/include'
pdfdir='${docdir}'
prefix='/usr/local'
program_transform_name='s,x,x,'
psdir='${docdir}'
runstatedir='${localstatedir}/run'
sbindir='${exec_prefix}/sbin'
sharedstatedir='${prefix}/com'
sysconfdir='${prefix}/etc'
target_alias=''

## ----------- ##
## confdefs.h. ##
## ----------- ##

/* confdefs.h */
#define PACKAGE_NAME "sffs"
#define PACKAGE_TARNAME "sffs"
#define PACKAGE_VERSION "0.1"
#define PACKAGE_STRING "sffs 0.1"
#define PACKAGE_BUGREPORT "danil.malapura@gmail.com"
#define PACKAGE_URL ""
#define HAVE_STDIO_H 1
#define HAVE_STDLIB_H 1
#define HAVE_STRING_H 1
#define HAVE_INTTYPES_H 1
#define HAVE_STDINT_H 1
#define HAVE_STRINGS_H 1
#define HAVE_SYS_STAT_H 1
#define HAVE_SYS_TYPES_H 1
#define HAVE_UNISTD_H 1
#define STDC_HEADERS 1
#define PACKAGE "sffs"
#define VERSION "0.1"
#define HAVE_DLFCN_H 1
#define LT_OBJDIR ".libs/"
#define HAVE_LIBPTHREAD 1

configure: exit 0
